<?xml version="1.0" encoding="UTF-8"?>
<!-- Generated by org.testng.reporters.JUnitReportReporter -->
<testsuite hostname="DESKTOP-BVH2PQN" failures="0" tests="1" name="com.mystore.testcases.LoginPageTest" time="8.208" errors="0" timestamp="15 May 2025 17:06:30 GMT" skipped="0">
  <testcase classname="com.mystore.testcases.LoginPageTest" name="loginTest" time="8.208"/>
</testsuite> <!-- com.mystore.testcases.LoginPageTest -->
